mode: set
kohotakehome.com/m/adapters/dataloader.go:12.37,14.2 1 0
kohotakehome.com/m/adapters/dataloader.go:20.80,23.21 3 0
kohotakehome.com/m/adapters/dataloader.go:29.2,29.20 1 0
kohotakehome.com/m/adapters/dataloader.go:23.21,27.3 3 0
kohotakehome.com/m/adapters/ledger.go:12.44,17.2 1 1
kohotakehome.com/m/adapters/ledger.go:33.49,37.2 3 1
kohotakehome.com/m/adapters/ledger.go:39.51,42.2 2 1
kohotakehome.com/m/adapters/ledger.go:44.67,46.9 2 1
kohotakehome.com/m/adapters/ledger.go:57.2,60.3 1 1
kohotakehome.com/m/adapters/ledger.go:46.9,55.3 3 1
kohotakehome.com/m/adapters/ledger.go:63.68,65.9 2 1
kohotakehome.com/m/adapters/ledger.go:76.2,79.3 1 1
kohotakehome.com/m/adapters/ledger.go:65.9,74.3 3 1
kohotakehome.com/m/adapters/ledger.go:82.73,84.9 2 1
kohotakehome.com/m/adapters/ledger.go:87.2,87.36 1 1
kohotakehome.com/m/adapters/ledger.go:84.9,86.3 1 1
kohotakehome.com/m/adapters/ledger.go:90.80,92.9 2 1
kohotakehome.com/m/adapters/ledger.go:96.2,96.40 1 1
kohotakehome.com/m/adapters/ledger.go:92.9,94.3 1 1
kohotakehome.com/m/adapters/ledger.go:99.81,101.9 2 1
kohotakehome.com/m/adapters/ledger.go:105.2,105.40 1 1
kohotakehome.com/m/adapters/ledger.go:101.9,103.3 1 1
kohotakehome.com/m/usecases/limiter.go:14.68,19.2 1 1
kohotakehome.com/m/usecases/limiter.go:26.106,28.47 2 1
kohotakehome.com/m/usecases/limiter.go:38.2,38.12 1 1
kohotakehome.com/m/usecases/limiter.go:28.47,29.44 1 1
kohotakehome.com/m/usecases/limiter.go:33.3,35.30 3 1
kohotakehome.com/m/usecases/limiter.go:29.44,30.12 1 1
kohotakehome.com/m/usecases/limiter.go:41.89,43.9 2 1
kohotakehome.com/m/usecases/limiter.go:47.2,48.23 2 1
kohotakehome.com/m/usecases/limiter.go:43.9,45.3 1 1
kohotakehome.com/m/usecases/limiter.go:51.80,53.9 2 1
kohotakehome.com/m/usecases/limiter.go:59.2,59.72 1 1
kohotakehome.com/m/usecases/limiter.go:53.9,57.3 1 1
kohotakehome.com/m/usecases/limiter.go:63.99,64.35 1 1
kohotakehome.com/m/usecases/limiter.go:72.2,79.3 3 1
kohotakehome.com/m/usecases/limiter.go:64.35,70.3 1 1
kohotakehome.com/m/usecases/limiter.go:82.87,86.2 1 1
kohotakehome.com/m/usecases/limiter.go:88.88,92.2 1 1
kohotakehome.com/m/usecases/limiter.go:94.98,96.2 1 1
kohotakehome.com/m/usecases/limiter.go:98.77,102.2 1 1
